2018-06-02 09:20:57.803  INFO org.bql.GameStart.main(GameStart.java:10) - EXCEL静态数据加载...
2018-06-02 09:20:58.521  INFO org.bql.GameStart.main(GameStart.java:12) - -------------------->>EXCEL静态数据加载完成<<---------------
2018-06-02 09:20:58.521  INFO org.bql.GameStart.main(GameStart.java:13) - 定时调度器启动...
2018-06-02 09:20:58.787  INFO org.bql.GameStart.main(GameStart.java:15) - -------------------->>定时调度器启动成功<<---------------
2018-06-02 09:20:58.803  INFO org.bql.GameStart.main(GameStart.java:16) - -------------------->>房间线程初始化<<---------------
2018-06-02 09:20:58.803  INFO org.bql.GameStart.main(GameStart.java:18) - -------------------->>房间线程初始化成功<<---------------
2018-06-02 09:20:58.803  INFO org.bql.GameStart.main(GameStart.java:19) - 房间服务器启动...
2018-06-02 09:20:59.272  WARN org.bql.net.server.GameServer.start(GameServer.java:58) - ----------------->>房间服务器启动成功<<------------------
2018-06-02 09:20:59.287  WARN org.bql.net.server.GameServer.start(GameServer.java:59) - ---------------->><<9090>><<--端口绑定------------------
2018-06-02 10:39:40.058  INFO org.bql.GameStart.main(GameStart.java:10) - EXCEL静态数据加载...
2018-06-02 10:39:41.227  INFO org.bql.GameStart.main(GameStart.java:12) - -------------------->>EXCEL静态数据加载完成<<---------------
2018-06-02 10:39:41.229  INFO org.bql.GameStart.main(GameStart.java:13) - 定时调度器启动...
2018-06-02 10:39:41.344  INFO org.bql.GameStart.main(GameStart.java:15) - -------------------->>定时调度器启动成功<<---------------
2018-06-02 10:39:41.346  INFO org.bql.GameStart.main(GameStart.java:16) - -------------------->>房间线程初始化<<---------------
2018-06-02 10:39:41.346  INFO org.bql.GameStart.main(GameStart.java:18) - -------------------->>房间线程初始化成功<<---------------
2018-06-02 10:39:41.347  INFO org.bql.GameStart.main(GameStart.java:19) - 房间服务器启动...
2018-06-02 10:39:41.677  WARN org.bql.net.server.GameServer.start(GameServer.java:58) - ----------------->>房间服务器启动成功<<------------------
2018-06-02 10:39:41.681  WARN org.bql.net.server.GameServer.start(GameServer.java:59) - ---------------->><<9090>><<--端口绑定------------------
2018-06-02 12:09:36.288  INFO org.bql.GameStart.main(GameStart.java:10) - EXCEL静态数据加载...
2018-06-02 12:09:37.276  INFO org.bql.GameStart.main(GameStart.java:12) - -------------------->>EXCEL静态数据加载完成<<---------------
2018-06-02 12:09:37.276  INFO org.bql.GameStart.main(GameStart.java:13) - 定时调度器启动...
2018-06-02 12:09:37.355  INFO org.bql.GameStart.main(GameStart.java:15) - -------------------->>定时调度器启动成功<<---------------
2018-06-02 12:09:37.356  INFO org.bql.GameStart.main(GameStart.java:16) - -------------------->>房间线程初始化<<---------------
2018-06-02 12:09:37.356  INFO org.bql.GameStart.main(GameStart.java:18) - -------------------->>房间线程初始化成功<<---------------
2018-06-02 12:09:37.356  INFO org.bql.GameStart.main(GameStart.java:19) - 房间服务器启动...
2018-06-02 12:09:37.621  WARN org.bql.net.server.GameServer.start(GameServer.java:58) - ----------------->>房间服务器启动成功<<------------------
2018-06-02 12:09:37.627  WARN org.bql.net.server.GameServer.start(GameServer.java:59) - ---------------->><<9090>><<--端口绑定------------------
2018-06-02 14:14:51.980  INFO org.bql.GameStart.main(GameStart.java:10) - EXCEL静态数据加载...
2018-06-02 14:14:53.035  INFO org.bql.GameStart.main(GameStart.java:12) - -------------------->>EXCEL静态数据加载完成<<---------------
2018-06-02 14:14:53.035  INFO org.bql.GameStart.main(GameStart.java:13) - 定时调度器启动...
2018-06-02 14:14:53.138  INFO org.bql.GameStart.main(GameStart.java:15) - -------------------->>定时调度器启动成功<<---------------
2018-06-02 14:14:53.139  INFO org.bql.GameStart.main(GameStart.java:16) - -------------------->>房间线程初始化<<---------------
2018-06-02 14:14:53.139  INFO org.bql.GameStart.main(GameStart.java:18) - -------------------->>房间线程初始化成功<<---------------
2018-06-02 14:14:53.139  INFO org.bql.GameStart.main(GameStart.java:19) - 房间服务器启动...
2018-06-02 14:14:53.459  WARN org.bql.net.server.GameServer.start(GameServer.java:58) - ----------------->>房间服务器启动成功<<------------------
2018-06-02 14:14:53.464  WARN org.bql.net.server.GameServer.start(GameServer.java:59) - ---------------->><<9090>><<--端口绑定------------------
2018-06-02 14:16:53.738  INFO org.bql.GameStart.main(GameStart.java:10) - EXCEL静态数据加载...
2018-06-02 14:16:54.627  INFO org.bql.GameStart.main(GameStart.java:12) - -------------------->>EXCEL静态数据加载完成<<---------------
2018-06-02 14:16:54.627  INFO org.bql.GameStart.main(GameStart.java:13) - 定时调度器启动...
2018-06-02 14:16:54.712  INFO org.bql.GameStart.main(GameStart.java:15) - -------------------->>定时调度器启动成功<<---------------
2018-06-02 14:16:54.712  INFO org.bql.GameStart.main(GameStart.java:16) - -------------------->>房间线程初始化<<---------------
2018-06-02 14:16:54.713  INFO org.bql.GameStart.main(GameStart.java:18) - -------------------->>房间线程初始化成功<<---------------
2018-06-02 14:16:54.713  INFO org.bql.GameStart.main(GameStart.java:19) - 房间服务器启动...
2018-06-02 14:16:55.005  WARN org.bql.net.server.GameServer.start(GameServer.java:58) - ----------------->>房间服务器启动成功<<------------------
2018-06-02 14:16:55.009  WARN org.bql.net.server.GameServer.start(GameServer.java:59) - ---------------->><<9090>><<--端口绑定------------------
2018-06-02 14:21:19.425  INFO org.bql.GameStart.main(GameStart.java:10) - EXCEL静态数据加载...
2018-06-02 14:21:20.403  INFO org.bql.GameStart.main(GameStart.java:12) - -------------------->>EXCEL静态数据加载完成<<---------------
2018-06-02 14:21:20.404  INFO org.bql.GameStart.main(GameStart.java:13) - 定时调度器启动...
2018-06-02 14:21:20.482  INFO org.bql.GameStart.main(GameStart.java:15) - -------------------->>定时调度器启动成功<<---------------
2018-06-02 14:21:20.482  INFO org.bql.GameStart.main(GameStart.java:16) - -------------------->>房间线程初始化<<---------------
2018-06-02 14:21:20.482  INFO org.bql.GameStart.main(GameStart.java:18) - -------------------->>房间线程初始化成功<<---------------
2018-06-02 14:21:20.483  INFO org.bql.GameStart.main(GameStart.java:19) - 房间服务器启动...
2018-06-02 14:21:20.744  WARN org.bql.net.server.GameServer.start(GameServer.java:58) - ----------------->>房间服务器启动成功<<------------------
2018-06-02 14:21:20.747  WARN org.bql.net.server.GameServer.start(GameServer.java:59) - ---------------->><<9090>><<--端口绑定------------------
2018-06-02 14:36:13.361  INFO org.bql.GameStart.main(GameStart.java:10) - EXCEL静态数据加载...
2018-06-02 14:36:15.641  INFO org.bql.GameStart.main(GameStart.java:12) - -------------------->>EXCEL静态数据加载完成<<---------------
2018-06-02 14:36:15.641  INFO org.bql.GameStart.main(GameStart.java:13) - 定时调度器启动...
2018-06-02 14:36:15.825  INFO org.bql.GameStart.main(GameStart.java:15) - -------------------->>定时调度器启动成功<<---------------
2018-06-02 14:36:15.826  INFO org.bql.GameStart.main(GameStart.java:16) - -------------------->>房间线程初始化<<---------------
2018-06-02 14:36:15.826  INFO org.bql.GameStart.main(GameStart.java:18) - -------------------->>房间线程初始化成功<<---------------
2018-06-02 14:36:15.826  INFO org.bql.GameStart.main(GameStart.java:19) - 房间服务器启动...
2018-06-02 14:36:16.601  WARN org.bql.net.server.GameServer.start(GameServer.java:58) - ----------------->>房间服务器启动成功<<------------------
2018-06-02 14:36:16.608  WARN org.bql.net.server.GameServer.start(GameServer.java:59) - ---------------->><<9090>><<--端口绑定------------------
2018-06-02 14:45:41.975  INFO org.bql.GameStart.main(GameStart.java:10) - EXCEL静态数据加载...
2018-06-02 14:45:43.581  INFO org.bql.GameStart.main(GameStart.java:12) - -------------------->>EXCEL静态数据加载完成<<---------------
2018-06-02 14:45:43.581  INFO org.bql.GameStart.main(GameStart.java:13) - 定时调度器启动...
2018-06-02 14:45:44.001  INFO org.bql.GameStart.main(GameStart.java:15) - -------------------->>定时调度器启动成功<<---------------
2018-06-02 14:45:44.002  INFO org.bql.GameStart.main(GameStart.java:16) - -------------------->>房间线程初始化<<---------------
2018-06-02 14:45:44.002  INFO org.bql.GameStart.main(GameStart.java:18) - -------------------->>房间线程初始化成功<<---------------
2018-06-02 14:45:44.003  INFO org.bql.GameStart.main(GameStart.java:19) - 房间服务器启动...
2018-06-02 14:45:44.716  WARN org.bql.net.server.GameServer.start(GameServer.java:58) - ----------------->>房间服务器启动成功<<------------------
2018-06-02 14:45:44.724  WARN org.bql.net.server.GameServer.start(GameServer.java:59) - ---------------->><<9090>><<--端口绑定------------------
2018-06-02 14:50:16.586  INFO org.bql.GameStart.main(GameStart.java:10) - EXCEL静态数据加载...
2018-06-02 14:50:18.655  INFO org.bql.GameStart.main(GameStart.java:12) - -------------------->>EXCEL静态数据加载完成<<---------------
2018-06-02 14:50:18.655  INFO org.bql.GameStart.main(GameStart.java:13) - 定时调度器启动...
2018-06-02 14:50:18.781  INFO org.bql.GameStart.main(GameStart.java:15) - -------------------->>定时调度器启动成功<<---------------
2018-06-02 14:50:18.782  INFO org.bql.GameStart.main(GameStart.java:16) - -------------------->>房间线程初始化<<---------------
2018-06-02 14:50:18.783  INFO org.bql.GameStart.main(GameStart.java:18) - -------------------->>房间线程初始化成功<<---------------
2018-06-02 14:50:18.784  INFO org.bql.GameStart.main(GameStart.java:19) - 房间服务器启动...
2018-06-02 14:50:19.536  WARN org.bql.net.server.GameServer.start(GameServer.java:58) - ----------------->>房间服务器启动成功<<------------------
2018-06-02 14:50:19.541  WARN org.bql.net.server.GameServer.start(GameServer.java:59) - ---------------->><<9090>><<--端口绑定------------------
2018-06-02 15:01:09.324  INFO org.bql.GameStart.main(GameStart.java:10) - EXCEL静态数据加载...
2018-06-02 15:01:10.672  INFO org.bql.GameStart.main(GameStart.java:12) - -------------------->>EXCEL静态数据加载完成<<---------------
2018-06-02 15:01:10.672  INFO org.bql.GameStart.main(GameStart.java:13) - 定时调度器启动...
2018-06-02 15:01:10.749  INFO org.bql.GameStart.main(GameStart.java:15) - -------------------->>定时调度器启动成功<<---------------
2018-06-02 15:01:10.749  INFO org.bql.GameStart.main(GameStart.java:16) - -------------------->>房间线程初始化<<---------------
2018-06-02 15:01:10.750  INFO org.bql.GameStart.main(GameStart.java:18) - -------------------->>房间线程初始化成功<<---------------
2018-06-02 15:01:10.750  INFO org.bql.GameStart.main(GameStart.java:19) - 房间服务器启动...
2018-06-02 15:01:10.994  WARN org.bql.net.server.GameServer.start(GameServer.java:58) - ----------------->>房间服务器启动成功<<------------------
2018-06-02 15:01:10.998  WARN org.bql.net.server.GameServer.start(GameServer.java:59) - ---------------->><<9090>><<--端口绑定------------------
2018-06-02 15:13:58.117  INFO org.bql.GameStart.main(GameStart.java:10) - EXCEL静态数据加载...
2018-06-02 15:14:00.435  INFO org.bql.GameStart.main(GameStart.java:12) - -------------------->>EXCEL静态数据加载完成<<---------------
2018-06-02 15:14:00.435  INFO org.bql.GameStart.main(GameStart.java:13) - 定时调度器启动...
2018-06-02 15:14:00.610  INFO org.bql.GameStart.main(GameStart.java:15) - -------------------->>定时调度器启动成功<<---------------
2018-06-02 15:14:00.611  INFO org.bql.GameStart.main(GameStart.java:16) - -------------------->>房间线程初始化<<---------------
2018-06-02 15:14:00.612  INFO org.bql.GameStart.main(GameStart.java:18) - -------------------->>房间线程初始化成功<<---------------
2018-06-02 15:14:00.612  INFO org.bql.GameStart.main(GameStart.java:19) - 房间服务器启动...
2018-06-02 15:14:01.329  WARN org.bql.net.server.GameServer.start(GameServer.java:58) - ----------------->>房间服务器启动成功<<------------------
2018-06-02 15:14:01.336  WARN org.bql.net.server.GameServer.start(GameServer.java:59) - ---------------->><<9090>><<--端口绑定------------------
2018-06-02 15:17:43.057  INFO org.bql.GameStart.main(GameStart.java:10) - EXCEL静态数据加载...
2018-06-02 15:17:45.261  INFO org.bql.GameStart.main(GameStart.java:12) - -------------------->>EXCEL静态数据加载完成<<---------------
2018-06-02 15:17:45.262  INFO org.bql.GameStart.main(GameStart.java:13) - 定时调度器启动...
2018-06-02 15:17:45.415  INFO org.bql.GameStart.main(GameStart.java:15) - -------------------->>定时调度器启动成功<<---------------
2018-06-02 15:17:45.415  INFO org.bql.GameStart.main(GameStart.java:16) - -------------------->>房间线程初始化<<---------------
2018-06-02 15:17:45.415  INFO org.bql.GameStart.main(GameStart.java:18) - -------------------->>房间线程初始化成功<<---------------
2018-06-02 15:17:45.416  INFO org.bql.GameStart.main(GameStart.java:19) - 房间服务器启动...
2018-06-02 15:17:46.353  WARN org.bql.net.server.GameServer.start(GameServer.java:58) - ----------------->>房间服务器启动成功<<------------------
2018-06-02 15:17:46.367  WARN org.bql.net.server.GameServer.start(GameServer.java:59) - ---------------->><<9090>><<--端口绑定------------------
2018-06-02 15:21:01.915  INFO org.bql.GameStart.main(GameStart.java:10) - EXCEL静态数据加载...
2018-06-02 15:21:04.376  INFO org.bql.GameStart.main(GameStart.java:12) - -------------------->>EXCEL静态数据加载完成<<---------------
2018-06-02 15:21:04.376  INFO org.bql.GameStart.main(GameStart.java:13) - 定时调度器启动...
2018-06-02 15:21:04.613  INFO org.bql.GameStart.main(GameStart.java:15) - -------------------->>定时调度器启动成功<<---------------
2018-06-02 15:21:04.613  INFO org.bql.GameStart.main(GameStart.java:16) - -------------------->>房间线程初始化<<---------------
2018-06-02 15:21:04.613  INFO org.bql.GameStart.main(GameStart.java:18) - -------------------->>房间线程初始化成功<<---------------
2018-06-02 15:21:04.615  INFO org.bql.GameStart.main(GameStart.java:19) - 房间服务器启动...
2018-06-02 15:21:05.651  WARN org.bql.net.server.GameServer.start(GameServer.java:58) - ----------------->>房间服务器启动成功<<------------------
2018-06-02 15:21:05.656  WARN org.bql.net.server.GameServer.start(GameServer.java:59) - ---------------->><<9090>><<--端口绑定------------------
2018-06-02 15:26:44.281  INFO org.bql.GameStart.main(GameStart.java:10) - EXCEL静态数据加载...
2018-06-02 15:26:46.108  INFO org.bql.GameStart.main(GameStart.java:12) - -------------------->>EXCEL静态数据加载完成<<---------------
2018-06-02 15:26:46.110  INFO org.bql.GameStart.main(GameStart.java:13) - 定时调度器启动...
2018-06-02 15:26:46.212  INFO org.bql.GameStart.main(GameStart.java:15) - -------------------->>定时调度器启动成功<<---------------
2018-06-02 15:26:46.213  INFO org.bql.GameStart.main(GameStart.java:16) - -------------------->>房间线程初始化<<---------------
2018-06-02 15:26:46.213  INFO org.bql.GameStart.main(GameStart.java:18) - -------------------->>房间线程初始化成功<<---------------
2018-06-02 15:26:46.214  INFO org.bql.GameStart.main(GameStart.java:19) - 房间服务器启动...
2018-06-02 15:26:46.498  WARN org.bql.net.server.GameServer.start(GameServer.java:58) - ----------------->>房间服务器启动成功<<------------------
2018-06-02 15:26:46.504  WARN org.bql.net.server.GameServer.start(GameServer.java:59) - ---------------->><<9090>><<--端口绑定------------------
2018-06-02 15:26:58.358  INFO org.bql.GameStart.main(GameStart.java:10) - EXCEL静态数据加载...
2018-06-02 15:26:59.452  INFO org.bql.GameStart.main(GameStart.java:12) - -------------------->>EXCEL静态数据加载完成<<---------------
2018-06-02 15:26:59.454  INFO org.bql.GameStart.main(GameStart.java:13) - 定时调度器启动...
2018-06-02 15:26:59.542  INFO org.bql.GameStart.main(GameStart.java:15) - -------------------->>定时调度器启动成功<<---------------
2018-06-02 15:26:59.543  INFO org.bql.GameStart.main(GameStart.java:16) - -------------------->>房间线程初始化<<---------------
2018-06-02 15:26:59.543  INFO org.bql.GameStart.main(GameStart.java:18) - -------------------->>房间线程初始化成功<<---------------
2018-06-02 15:26:59.543  INFO org.bql.GameStart.main(GameStart.java:19) - 房间服务器启动...
2018-06-02 15:26:59.881  WARN org.bql.net.server.GameServer.start(GameServer.java:58) - ----------------->>房间服务器启动成功<<------------------
2018-06-02 15:26:59.884  WARN org.bql.net.server.GameServer.start(GameServer.java:59) - ---------------->><<9090>><<--端口绑定------------------
2018-06-02 15:43:15.479  INFO org.bql.GameStart.main(GameStart.java:10) - EXCEL静态数据加载...
2018-06-02 15:43:16.546  INFO org.bql.GameStart.main(GameStart.java:12) - -------------------->>EXCEL静态数据加载完成<<---------------
2018-06-02 15:43:16.547  INFO org.bql.GameStart.main(GameStart.java:13) - 定时调度器启动...
2018-06-02 15:43:16.615  INFO org.bql.GameStart.main(GameStart.java:15) - -------------------->>定时调度器启动成功<<---------------
2018-06-02 15:43:16.616  INFO org.bql.GameStart.main(GameStart.java:16) - -------------------->>房间线程初始化<<---------------
2018-06-02 15:43:16.616  INFO org.bql.GameStart.main(GameStart.java:18) - -------------------->>房间线程初始化成功<<---------------
2018-06-02 15:43:16.616  INFO org.bql.GameStart.main(GameStart.java:19) - 房间服务器启动...
2018-06-02 15:43:16.949  WARN org.bql.net.server.GameServer.start(GameServer.java:58) - ----------------->>房间服务器启动成功<<------------------
2018-06-02 15:43:16.954  WARN org.bql.net.server.GameServer.start(GameServer.java:59) - ---------------->><<9090>><<--端口绑定------------------
2018-06-02 16:12:32.799  INFO org.bql.GameStart.main(GameStart.java:10) - EXCEL静态数据加载...
2018-06-02 16:12:33.875  INFO org.bql.GameStart.main(GameStart.java:12) - -------------------->>EXCEL静态数据加载完成<<---------------
2018-06-02 16:12:33.875  INFO org.bql.GameStart.main(GameStart.java:13) - 定时调度器启动...
2018-06-02 16:12:33.980  INFO org.bql.GameStart.main(GameStart.java:15) - -------------------->>定时调度器启动成功<<---------------
2018-06-02 16:12:33.981  INFO org.bql.GameStart.main(GameStart.java:16) - -------------------->>房间线程初始化<<---------------
2018-06-02 16:12:33.981  INFO org.bql.GameStart.main(GameStart.java:18) - -------------------->>房间线程初始化成功<<---------------
2018-06-02 16:12:33.981  INFO org.bql.GameStart.main(GameStart.java:19) - 房间服务器启动...
2018-06-02 16:12:34.286  WARN org.bql.net.server.GameServer.start(GameServer.java:58) - ----------------->>房间服务器启动成功<<------------------
2018-06-02 16:12:34.296  WARN org.bql.net.server.GameServer.start(GameServer.java:59) - ---------------->><<9090>><<--端口绑定------------------
2018-06-02 16:26:10.387  INFO org.bql.GameStart.main(GameStart.java:10) - EXCEL静态数据加载...
2018-06-02 16:26:12.572  INFO org.bql.GameStart.main(GameStart.java:12) - -------------------->>EXCEL静态数据加载完成<<---------------
2018-06-02 16:26:12.572  INFO org.bql.GameStart.main(GameStart.java:13) - 定时调度器启动...
2018-06-02 16:26:13.078  INFO org.bql.GameStart.main(GameStart.java:15) - -------------------->>定时调度器启动成功<<---------------
2018-06-02 16:26:13.078  INFO org.bql.GameStart.main(GameStart.java:16) - -------------------->>房间线程初始化<<---------------
2018-06-02 16:26:13.078  INFO org.bql.GameStart.main(GameStart.java:18) - -------------------->>房间线程初始化成功<<---------------
2018-06-02 16:26:13.078  INFO org.bql.GameStart.main(GameStart.java:19) - 房间服务器启动...
2018-06-02 16:26:13.468  WARN org.bql.net.server.GameServer.start(GameServer.java:58) - ----------------->>房间服务器启动成功<<------------------
2018-06-02 16:26:13.474  WARN org.bql.net.server.GameServer.start(GameServer.java:59) - ---------------->><<9090>><<--端口绑定------------------
2018-06-02 16:28:56.809  INFO org.bql.GameStart.main(GameStart.java:10) - EXCEL静态数据加载...
2018-06-02 16:28:59.272  INFO org.bql.GameStart.main(GameStart.java:12) - -------------------->>EXCEL静态数据加载完成<<---------------
2018-06-02 16:28:59.273  INFO org.bql.GameStart.main(GameStart.java:13) - 定时调度器启动...
2018-06-02 16:28:59.637  INFO org.bql.GameStart.main(GameStart.java:15) - -------------------->>定时调度器启动成功<<---------------
2018-06-02 16:28:59.639  INFO org.bql.GameStart.main(GameStart.java:16) - -------------------->>房间线程初始化<<---------------
2018-06-02 16:28:59.640  INFO org.bql.GameStart.main(GameStart.java:18) - -------------------->>房间线程初始化成功<<---------------
2018-06-02 16:28:59.641  INFO org.bql.GameStart.main(GameStart.java:19) - 房间服务器启动...
2018-06-02 16:29:00.720  WARN org.bql.net.server.GameServer.start(GameServer.java:58) - ----------------->>房间服务器启动成功<<------------------
2018-06-02 16:29:00.725  WARN org.bql.net.server.GameServer.start(GameServer.java:59) - ---------------->><<9090>><<--端口绑定------------------
2018-06-02 16:30:51.283  INFO org.bql.GameStart.main(GameStart.java:10) - EXCEL静态数据加载...
2018-06-02 16:30:53.109  INFO org.bql.GameStart.main(GameStart.java:12) - -------------------->>EXCEL静态数据加载完成<<---------------
2018-06-02 16:30:53.110  INFO org.bql.GameStart.main(GameStart.java:13) - 定时调度器启动...
2018-06-02 16:30:53.267  INFO org.bql.GameStart.main(GameStart.java:15) - -------------------->>定时调度器启动成功<<---------------
2018-06-02 16:30:53.267  INFO org.bql.GameStart.main(GameStart.java:16) - -------------------->>房间线程初始化<<---------------
2018-06-02 16:30:53.268  INFO org.bql.GameStart.main(GameStart.java:18) - -------------------->>房间线程初始化成功<<---------------
2018-06-02 16:30:53.268  INFO org.bql.GameStart.main(GameStart.java:19) - 房间服务器启动...
2018-06-02 16:30:53.745  WARN org.bql.net.server.GameServer.start(GameServer.java:58) - ----------------->>房间服务器启动成功<<------------------
2018-06-02 16:30:53.749  WARN org.bql.net.server.GameServer.start(GameServer.java:59) - ---------------->><<9090>><<--端口绑定------------------
2018-06-02 16:40:07.540  INFO org.bql.GameStart.main(GameStart.java:10) - EXCEL静态数据加载...
2018-06-02 16:40:08.714  INFO org.bql.GameStart.main(GameStart.java:12) - -------------------->>EXCEL静态数据加载完成<<---------------
2018-06-02 16:40:08.714  INFO org.bql.GameStart.main(GameStart.java:13) - 定时调度器启动...
2018-06-02 16:40:08.801  INFO org.bql.GameStart.main(GameStart.java:15) - -------------------->>定时调度器启动成功<<---------------
2018-06-02 16:40:08.802  INFO org.bql.GameStart.main(GameStart.java:16) - -------------------->>房间线程初始化<<---------------
2018-06-02 16:40:08.802  INFO org.bql.GameStart.main(GameStart.java:18) - -------------------->>房间线程初始化成功<<---------------
2018-06-02 16:40:08.802  INFO org.bql.GameStart.main(GameStart.java:19) - 房间服务器启动...
2018-06-02 16:40:09.085  WARN org.bql.net.server.GameServer.start(GameServer.java:58) - ----------------->>房间服务器启动成功<<------------------
2018-06-02 16:40:09.092  WARN org.bql.net.server.GameServer.start(GameServer.java:59) - ---------------->><<9090>><<--端口绑定------------------
2018-06-02 16:57:19.741  INFO org.bql.GameStart.main(GameStart.java:10) - EXCEL静态数据加载...
2018-06-02 16:57:21.496  INFO org.bql.GameStart.main(GameStart.java:12) - -------------------->>EXCEL静态数据加载完成<<---------------
2018-06-02 16:57:21.496  INFO org.bql.GameStart.main(GameStart.java:13) - 定时调度器启动...
2018-06-02 16:57:21.696  INFO org.bql.GameStart.main(GameStart.java:15) - -------------------->>定时调度器启动成功<<---------------
2018-06-02 16:57:21.697  INFO org.bql.GameStart.main(GameStart.java:16) - -------------------->>房间线程初始化<<---------------
2018-06-02 16:57:21.697  INFO org.bql.GameStart.main(GameStart.java:18) - -------------------->>房间线程初始化成功<<---------------
2018-06-02 16:57:21.697  INFO org.bql.GameStart.main(GameStart.java:19) - 房间服务器启动...
2018-06-02 16:57:22.281  WARN org.bql.net.server.GameServer.start(GameServer.java:58) - ----------------->>房间服务器启动成功<<------------------
2018-06-02 16:57:22.289  WARN org.bql.net.server.GameServer.start(GameServer.java:59) - ---------------->><<9090>><<--端口绑定------------------
2018-06-02 17:08:25.698  INFO org.bql.GameStart.main(GameStart.java:10) - EXCEL静态数据加载...
2018-06-02 17:08:27.818  INFO org.bql.GameStart.main(GameStart.java:12) - -------------------->>EXCEL静态数据加载完成<<---------------
2018-06-02 17:08:27.818  INFO org.bql.GameStart.main(GameStart.java:13) - 定时调度器启动...
2018-06-02 17:08:28.069  INFO org.bql.GameStart.main(GameStart.java:15) - -------------------->>定时调度器启动成功<<---------------
2018-06-02 17:08:28.069  INFO org.bql.GameStart.main(GameStart.java:16) - -------------------->>房间线程初始化<<---------------
2018-06-02 17:08:28.069  INFO org.bql.GameStart.main(GameStart.java:18) - -------------------->>房间线程初始化成功<<---------------
2018-06-02 17:08:28.069  INFO org.bql.GameStart.main(GameStart.java:19) - 房间服务器启动...
2018-06-02 17:08:29.081  WARN org.bql.net.server.GameServer.start(GameServer.java:58) - ----------------->>房间服务器启动成功<<------------------
2018-06-02 17:08:29.087  WARN org.bql.net.server.GameServer.start(GameServer.java:59) - ---------------->><<9090>><<--端口绑定------------------
2018-06-02 17:14:05.667  INFO org.bql.GameStart.main(GameStart.java:10) - EXCEL静态数据加载...
2018-06-02 17:14:07.451  INFO org.bql.GameStart.main(GameStart.java:12) - -------------------->>EXCEL静态数据加载完成<<---------------
2018-06-02 17:14:07.451  INFO org.bql.GameStart.main(GameStart.java:13) - 定时调度器启动...
2018-06-02 17:14:07.646  INFO org.bql.GameStart.main(GameStart.java:15) - -------------------->>定时调度器启动成功<<---------------
2018-06-02 17:14:07.647  INFO org.bql.GameStart.main(GameStart.java:16) - -------------------->>房间线程初始化<<---------------
2018-06-02 17:14:07.647  INFO org.bql.GameStart.main(GameStart.java:18) - -------------------->>房间线程初始化成功<<---------------
2018-06-02 17:14:07.648  INFO org.bql.GameStart.main(GameStart.java:19) - 房间服务器启动...
2018-06-02 17:14:08.594  WARN org.bql.net.server.GameServer.start(GameServer.java:58) - ----------------->>房间服务器启动成功<<------------------
2018-06-02 17:14:08.599  WARN org.bql.net.server.GameServer.start(GameServer.java:59) - ---------------->><<9090>><<--端口绑定------------------
2018-06-02 17:14:33.138  INFO org.bql.GameStart.main(GameStart.java:10) - EXCEL静态数据加载...
2018-06-02 17:14:34.805  INFO org.bql.GameStart.main(GameStart.java:12) - -------------------->>EXCEL静态数据加载完成<<---------------
2018-06-02 17:14:34.806  INFO org.bql.GameStart.main(GameStart.java:13) - 定时调度器启动...
2018-06-02 17:14:34.949  INFO org.bql.GameStart.main(GameStart.java:15) - -------------------->>定时调度器启动成功<<---------------
2018-06-02 17:14:34.949  INFO org.bql.GameStart.main(GameStart.java:16) - -------------------->>房间线程初始化<<---------------
2018-06-02 17:14:34.949  INFO org.bql.GameStart.main(GameStart.java:18) - -------------------->>房间线程初始化成功<<---------------
2018-06-02 17:14:34.950  INFO org.bql.GameStart.main(GameStart.java:19) - 房间服务器启动...
2018-06-02 17:14:35.511  WARN org.bql.net.server.GameServer.start(GameServer.java:58) - ----------------->>房间服务器启动成功<<------------------
2018-06-02 17:14:35.515  WARN org.bql.net.server.GameServer.start(GameServer.java:59) - ---------------->><<9090>><<--端口绑定------------------
2018-06-02 17:21:13.033  INFO org.bql.GameStart.main(GameStart.java:10) - EXCEL静态数据加载...
2018-06-02 17:21:15.470  INFO org.bql.GameStart.main(GameStart.java:12) - -------------------->>EXCEL静态数据加载完成<<---------------
2018-06-02 17:21:15.471  INFO org.bql.GameStart.main(GameStart.java:13) - 定时调度器启动...
2018-06-02 17:21:15.618  INFO org.bql.GameStart.main(GameStart.java:15) - -------------------->>定时调度器启动成功<<---------------
2018-06-02 17:21:15.619  INFO org.bql.GameStart.main(GameStart.java:16) - -------------------->>房间线程初始化<<---------------
2018-06-02 17:21:15.619  INFO org.bql.GameStart.main(GameStart.java:18) - -------------------->>房间线程初始化成功<<---------------
2018-06-02 17:21:15.620  INFO org.bql.GameStart.main(GameStart.java:19) - 房间服务器启动...
2018-06-02 17:21:16.413  WARN org.bql.net.server.GameServer.start(GameServer.java:58) - ----------------->>房间服务器启动成功<<------------------
2018-06-02 17:21:16.417  WARN org.bql.net.server.GameServer.start(GameServer.java:59) - ---------------->><<9090>><<--端口绑定------------------
2018-06-02 17:22:26.553  INFO org.bql.GameStart.main(GameStart.java:10) - EXCEL静态数据加载...
2018-06-02 17:22:27.575  INFO org.bql.GameStart.main(GameStart.java:12) - -------------------->>EXCEL静态数据加载完成<<---------------
2018-06-02 17:22:27.575  INFO org.bql.GameStart.main(GameStart.java:13) - 定时调度器启动...
2018-06-02 17:22:27.673  INFO org.bql.GameStart.main(GameStart.java:15) - -------------------->>定时调度器启动成功<<---------------
2018-06-02 17:22:27.674  INFO org.bql.GameStart.main(GameStart.java:16) - -------------------->>房间线程初始化<<---------------
2018-06-02 17:22:27.674  INFO org.bql.GameStart.main(GameStart.java:18) - -------------------->>房间线程初始化成功<<---------------
2018-06-02 17:22:27.675  INFO org.bql.GameStart.main(GameStart.java:19) - 房间服务器启动...
2018-06-02 17:22:27.925  WARN org.bql.net.server.GameServer.start(GameServer.java:58) - ----------------->>房间服务器启动成功<<------------------
2018-06-02 17:22:27.932  WARN org.bql.net.server.GameServer.start(GameServer.java:59) - ---------------->><<9090>><<--端口绑定------------------
2018-06-02 17:50:11.771  INFO org.bql.GameStart.main(GameStart.java:10) - EXCEL静态数据加载...
2018-06-02 17:50:12.739  INFO org.bql.GameStart.main(GameStart.java:12) - -------------------->>EXCEL静态数据加载完成<<---------------
2018-06-02 17:50:12.739  INFO org.bql.GameStart.main(GameStart.java:13) - 定时调度器启动...
2018-06-02 17:50:12.819  INFO org.bql.GameStart.main(GameStart.java:15) - -------------------->>定时调度器启动成功<<---------------
2018-06-02 17:50:12.820  INFO org.bql.GameStart.main(GameStart.java:16) - -------------------->>房间线程初始化<<---------------
2018-06-02 17:50:12.820  INFO org.bql.GameStart.main(GameStart.java:18) - -------------------->>房间线程初始化成功<<---------------
2018-06-02 17:50:12.820  INFO org.bql.GameStart.main(GameStart.java:19) - 房间服务器启动...
2018-06-02 17:50:13.169  WARN org.bql.net.server.GameServer.start(GameServer.java:58) - ----------------->>房间服务器启动成功<<------------------
2018-06-02 17:50:13.177  WARN org.bql.net.server.GameServer.start(GameServer.java:59) - ---------------->><<9090>><<--端口绑定------------------
2018-06-02 17:51:17.242  INFO org.bql.GameStart.main(GameStart.java:10) - EXCEL静态数据加载...
2018-06-02 17:51:18.205  INFO org.bql.GameStart.main(GameStart.java:12) - -------------------->>EXCEL静态数据加载完成<<---------------
2018-06-02 17:51:18.206  INFO org.bql.GameStart.main(GameStart.java:13) - 定时调度器启动...
2018-06-02 17:51:18.290  INFO org.bql.GameStart.main(GameStart.java:15) - -------------------->>定时调度器启动成功<<---------------
2018-06-02 17:51:18.290  INFO org.bql.GameStart.main(GameStart.java:16) - -------------------->>房间线程初始化<<---------------
2018-06-02 17:51:18.291  INFO org.bql.GameStart.main(GameStart.java:18) - -------------------->>房间线程初始化成功<<---------------
2018-06-02 17:51:18.291  INFO org.bql.GameStart.main(GameStart.java:19) - 房间服务器启动...
2018-06-02 17:51:18.548  WARN org.bql.net.server.GameServer.start(GameServer.java:58) - ----------------->>房间服务器启动成功<<------------------
2018-06-02 17:51:18.552  WARN org.bql.net.server.GameServer.start(GameServer.java:59) - ---------------->><<9090>><<--端口绑定------------------
